[0.011s] Invoking command in '/home/akshat/software-start-here/build/challenge': CMAKE_PREFIX_PATH=/opt/ros/foxy /usr/bin/cmake /home/akshat/software-start-here/src/challenge -DCMAKE_INSTALL_PREFIX=/home/akshat/software-start-here/install/challenge
[0.210s] -- The C compiler identification is GNU 9.4.0
[0.340s] -- The CXX compiler identification is GNU 9.4.0
[0.351s] -- Check for working C compiler: /usr/bin/cc
[0.411s] -- Check for working C compiler: /usr/bin/cc -- works
[0.413s] -- Detecting C compiler ABI info
[0.470s] -- Detecting C compiler ABI info - done
[0.481s] -- Detecting C compile features
[0.482s] -- Detecting C compile features - done
[0.485s] -- Check for working CXX compiler: /usr/bin/c++
[0.548s] -- Check for working CXX compiler: /usr/bin/c++ -- works
[0.549s] -- Detecting CXX compiler ABI info
[0.614s] -- Detecting CXX compiler ABI info - done
[0.625s] -- Detecting CXX compile features
[0.626s] -- Detecting CXX compile features - done
[0.636s] -- Found ament_cmake: 0.9.12 (/opt/ros/foxy/share/ament_cmake/cmake)
[0.662s] -- Found PythonInterp: /usr/bin/python3 (found suitable version "3.8.10", minimum required is "3") 
[0.662s] -- Using PYTHON_EXECUTABLE: /usr/bin/python3
[0.841s] -- Found rclcpp: 2.4.3 (/opt/ros/foxy/share/rclcpp/cmake)
[0.907s] -- Using all available rosidl_typesupport_c: rosidl_typesupport_fastrtps_c;rosidl_typesupport_introspection_c
[0.918s] -- Found rosidl_adapter: 1.3.1 (/opt/ros/foxy/share/rosidl_adapter/cmake)
[1.017s] -- Found OpenSSL: /usr/lib/aarch64-linux-gnu/libcrypto.so (found version "1.1.1f")  
[1.053s] -- Found FastRTPS: /opt/ros/foxy/include  
[1.150s] -- Using all available rosidl_typesupport_cpp: rosidl_typesupport_fastrtps_cpp;rosidl_typesupport_introspection_cpp
[1.222s] -- Found rmw_implementation_cmake: 1.0.4 (/opt/ros/foxy/share/rmw_implementation_cmake/cmake)
[1.225s] -- Using RMW implementation 'rmw_fastrtps_cpp' as default
[1.227s] -- Looking for pthread.h
[1.295s] -- Looking for pthread.h - found
[1.296s] -- Performing Test CMAKE_HAVE_LIBC_PTHREAD
[1.355s] -- Performing Test CMAKE_HAVE_LIBC_PTHREAD - Failed
[1.355s] -- Looking for pthread_create in pthreads
[1.402s] -- Looking for pthread_create in pthreads - not found
[1.402s] -- Looking for pthread_create in pthread
[1.458s] -- Looking for pthread_create in pthread - found
[1.459s] -- Found Threads: TRUE  
[1.651s] -- Found ament_lint_auto: 0.9.8 (/opt/ros/foxy/share/ament_lint_auto/cmake)
[1.723s] -- Added test 'copyright' to check source files copyright and LICENSE
[1.725s] -- Added test 'cppcheck' to perform static code analysis on C / C++ code
[1.725s] -- Configured cppcheck include dirs: 
[1.725s] -- Configured cppcheck exclude dirs and/or files: 
[1.726s] -- Added test 'cpplint' to check C / C++ code against the Google style
[1.726s] -- Configured cpplint exclude dirs and/or files: 
[1.727s] -- Added test 'lint_cmake' to check CMake code style
[1.728s] -- Added test 'uncrustify' to check C / C++ code style
[1.728s] -- Configured uncrustify additional arguments: 
[1.728s] -- Added test 'xmllint' to check XML markup files
[1.732s] -- Configuring done
[1.734s] -- Generating done
[1.735s] -- Build files have been written to: /home/akshat/software-start-here/build/challenge
[1.741s] Invoked command in '/home/akshat/software-start-here/build/challenge' returned '0': CMAKE_PREFIX_PATH=/opt/ros/foxy /usr/bin/cmake /home/akshat/software-start-here/src/challenge -DCMAKE_INSTALL_PREFIX=/home/akshat/software-start-here/install/challenge
[1.743s] Invoking command in '/home/akshat/software-start-here/build/challenge': CMAKE_PREFIX_PATH=/opt/ros/foxy /usr/bin/cmake --build /home/akshat/software-start-here/build/challenge -- -j4 -l4
[1.776s] Invoked command in '/home/akshat/software-start-here/build/challenge' returned '0': CMAKE_PREFIX_PATH=/opt/ros/foxy /usr/bin/cmake --build /home/akshat/software-start-here/build/challenge -- -j4 -l4
[1.799s] Invoking command in '/home/akshat/software-start-here/build/challenge': CMAKE_PREFIX_PATH=/opt/ros/foxy /usr/bin/cmake --install /home/akshat/software-start-here/build/challenge
[1.805s] -- Install configuration: ""
[1.805s] -- Installing: /home/akshat/software-start-here/install/challenge/share/ament_index/resource_index/package_run_dependencies/challenge
[1.806s] -- Installing: /home/akshat/software-start-here/install/challenge/share/ament_index/resource_index/parent_prefix_path/challenge
[1.806s] -- Installing: /home/akshat/software-start-here/install/challenge/share/challenge/environment/ament_prefix_path.sh
[1.806s] -- Installing: /home/akshat/software-start-here/install/challenge/share/challenge/environment/ament_prefix_path.dsv
[1.806s] -- Installing: /home/akshat/software-start-here/install/challenge/share/challenge/environment/path.sh
[1.806s] -- Installing: /home/akshat/software-start-here/install/challenge/share/challenge/environment/path.dsv
[1.806s] -- Installing: /home/akshat/software-start-here/install/challenge/share/challenge/local_setup.bash
[1.806s] -- Installing: /home/akshat/software-start-here/install/challenge/share/challenge/local_setup.sh
[1.806s] -- Installing: /home/akshat/software-start-here/install/challenge/share/challenge/local_setup.zsh
[1.806s] -- Installing: /home/akshat/software-start-here/install/challenge/share/challenge/local_setup.dsv
[1.807s] -- Installing: /home/akshat/software-start-here/install/challenge/share/challenge/package.dsv
[1.807s] -- Installing: /home/akshat/software-start-here/install/challenge/share/ament_index/resource_index/packages/challenge
[1.807s] -- Installing: /home/akshat/software-start-here/install/challenge/share/challenge/cmake/challengeConfig.cmake
[1.807s] -- Installing: /home/akshat/software-start-here/install/challenge/share/challenge/cmake/challengeConfig-version.cmake
[1.807s] -- Installing: /home/akshat/software-start-here/install/challenge/share/challenge/package.xml
[1.809s] Invoked command in '/home/akshat/software-start-here/build/challenge' returned '0': CMAKE_PREFIX_PATH=/opt/ros/foxy /usr/bin/cmake --install /home/akshat/software-start-here/build/challenge
